<?xml version="1.0" encoding="UTF-8"?>
<!-- Generated by org.testng.reporters.JUnitReportReporter -->
<testsuite hostname="DESKTOP-UIVUM9I" failures="0" tests="1" name="Practice.CreateCampaign" time="21.386" errors="0" timestamp="2023-05-06T11:09:42 IST" skipped="0">
  <testcase classname="Practice.CreateCampaign" name="createCampaign" time="21.386"/>
  <system-out/>
</testsuite> <!-- Practice.CreateCampaign -->
