<?xml version="1.0" encoding="UTF-8"?>
<!-- Generated by org.testng.reporters.JUnitReportReporter -->
<testsuite hostname="DESKTOP-UIVUM9I" failures="0" tests="1" name="simple.Parameters" time="4.745" errors="0" timestamp="2023-05-08T16:58:22 IST" skipped="0">
  <testcase classname="simple.Parameters" name="m1" time="4.745"/>
  <system-out/>
</testsuite> <!-- simple.Parameters -->
